2022-07-11 00:35:15.249  INFO 13148 --- [RMI TCP Connection(123)-127.0.0.1] inMXBeanRegistrar$SpringApplicationAdmin : Application shutdown requested.
2022-07-11 00:35:14.888  INFO 13148 --- [RMI TCP Connection(121)-127.0.0.1] inMXBeanRegistrar$SpringApplicationAdmin : Application shutdown requested.
2022-07-11 00:36:06.509  INFO 13148 --- [RMI TCP Connection(123)-127.0.0.1] io.undertow                              : stopping server: Undertow - 2.2.18.Final
2022-07-11 00:36:10.546  INFO 13148 --- [RMI TCP Connection(123)-127.0.0.1] io.undertow.servlet                      : Destroying Spring FrameworkServlet 'dispatcherServlet'
2022-07-11 00:36:14.873  INFO 13148 --- [RMI TCP Connection(123)-127.0.0.1] j.LocalContainerEntityManagerFactoryBean : Closing JPA EntityManagerFactory for persistence unit 'default'
2022-07-11 00:36:22.364  INFO 13148 --- [RMI TCP Connection(123)-127.0.0.1] com.zaxxer.hikari.HikariDataSource       : HikariPool-1 - Shutdown initiated...
2022-07-11 00:36:29.528  INFO 13148 --- [RMI TCP Connection(123)-127.0.0.1] com.zaxxer.hikari.HikariDataSource       : HikariPool-1 - Shutdown completed.
2022-07-11 00:41:42.065  INFO 12308 --- [main] c.b.s.SpringdatajpaApplication           : Starting SpringdatajpaApplication using Java 17.0.1 on Bishal with PID 12308 (C:\Users\bishal\Documents\ignitedMinds\springdatajpa\target\classes started by bishal in C:\Users\bishal\Documents\ignitedMinds\springdatajpa)
2022-07-11 00:41:42.085  INFO 12308 --- [main] c.b.s.SpringdatajpaApplication           : No active profile set, falling back to 1 default profile: "default"
2022-07-11 00:41:45.643  INFO 12308 --- [main] .s.d.r.c.RepositoryConfigurationDelegate : Bootstrapping Spring Data JPA repositories in DEFAULT mode.
2022-07-11 00:41:45.815  INFO 12308 --- [main] .s.d.r.c.RepositoryConfigurationDelegate : Finished Spring Data repository scanning in 150 ms. Found 2 JPA repository interfaces.
2022-07-11 00:41:47.530  WARN 12308 --- [main] io.undertow.websockets.jsr               : UT026010: Buffer pool was not set on WebSocketDeploymentInfo, the default pool will be used
2022-07-11 00:41:47.586  INFO 12308 --- [main] io.undertow.servlet                      : Initializing Spring embedded WebApplicationContext
2022-07-11 00:41:47.587  INFO 12308 --- [main] w.s.c.ServletWebServerApplicationContext : Root WebApplicationContext: initialization completed in 5280 ms
2022-07-11 00:41:48.388  INFO 12308 --- [main] com.zaxxer.hikari.HikariDataSource       : HikariPool-1 - Starting...
2022-07-11 00:41:49.819  INFO 12308 --- [main] com.zaxxer.hikari.HikariDataSource       : HikariPool-1 - Start completed.
2022-07-11 00:41:50.049  INFO 12308 --- [main] o.hibernate.jpa.internal.util.LogHelper  : HHH000204: Processing PersistenceUnitInfo [name: default]
2022-07-11 00:41:50.343  INFO 12308 --- [main] org.hibernate.Version                    : HHH000412: Hibernate ORM core version 5.6.9.Final
2022-07-11 00:41:51.309  INFO 12308 --- [main] o.hibernate.annotations.common.Version   : HCANN000001: Hibernate Commons Annotations {5.1.2.Final}
2022-07-11 00:41:51.701  INFO 12308 --- [main] org.hibernate.dialect.Dialect            : HHH000400: Using dialect: org.hibernate.dialect.MySQL8Dialect
2022-07-11 00:41:53.882  INFO 12308 --- [main] o.h.e.t.j.p.i.JtaPlatformInitiator       : HHH000490: Using JtaPlatform implementation: [org.hibernate.engine.transaction.jta.platform.internal.NoJtaPlatform]
2022-07-11 00:41:53.901  INFO 12308 --- [main] j.LocalContainerEntityManagerFactoryBean : Initialized JPA EntityManagerFactory for persistence unit 'default'
2022-07-11 00:41:54.611  WARN 12308 --- [main] JpaBaseConfiguration$JpaWebConfiguration : spring.jpa.open-in-view is enabled by default. Therefore, database queries may be performed during view rendering. Explicitly configure spring.jpa.open-in-view to disable this warning
2022-07-11 00:41:55.856  WARN 12308 --- [main] .s.s.UserDetailsServiceAutoConfiguration : 

Using generated security password: f4d5b81f-6aa1-45ae-8bb2-25d3dc6f0a20

This generated password is for development use only. Your security configuration must be updated before running your application in production.

2022-07-11 00:41:56.343  INFO 12308 --- [main] o.s.b.a.e.web.EndpointLinksResolver      : Exposing 14 endpoint(s) beneath base path '/actuator'
2022-07-11 00:41:56.370  INFO 12308 --- [main] o.s.s.web.DefaultSecurityFilterChain     : Will secure any request with [org.springframework.security.web.session.DisableEncodeUrlFilter@6164b3a2, org.springframework.security.web.context.request.async.WebAsyncManagerIntegrationFilter@345af277, org.springframework.security.web.context.SecurityContextPersistenceFilter@46df794e, org.springframework.security.web.header.HeaderWriterFilter@2003edf, org.springframework.web.filter.CorsFilter@96448ee, org.springframework.security.web.csrf.CsrfFilter@55a07f97, org.springframework.security.web.authentication.logout.LogoutFilter@7611e295, org.springframework.security.web.authentication.UsernamePasswordAuthenticationFilter@28c75c93, org.springframework.security.web.authentication.ui.DefaultLoginPageGeneratingFilter@1690929, org.springframework.security.web.authentication.ui.DefaultLogoutPageGeneratingFilter@59509393, org.springframework.security.web.authentication.www.BasicAuthenticationFilter@3f1d4ecf, org.springframework.security.web.savedrequest.RequestCacheAwareFilter@6cd65042, org.springframework.security.web.servletapi.SecurityContextHolderAwareRequestFilter@7674f9d4, org.springframework.security.web.authentication.AnonymousAuthenticationFilter@1d6dc2b8, org.springframework.security.web.session.SessionManagementFilter@1ec09a68, org.springframework.security.web.access.ExceptionTranslationFilter@1e12fdcf, org.springframework.security.web.access.intercept.FilterSecurityInterceptor@2319c1e0]
2022-07-11 00:41:56.549  INFO 12308 --- [main] io.undertow                              : starting server: Undertow - 2.2.18.Final
2022-07-11 00:41:56.589  INFO 12308 --- [main] org.xnio                                 : XNIO version 3.8.7.Final
2022-07-11 00:41:56.643  INFO 12308 --- [main] org.xnio.nio                             : XNIO NIO Implementation Version 3.8.7.Final
2022-07-11 00:41:57.068  INFO 12308 --- [RMI TCP Connection(3)-127.0.0.1] io.undertow.servlet                      : Initializing Spring DispatcherServlet 'dispatcherServlet'
2022-07-11 00:41:57.069  INFO 12308 --- [RMI TCP Connection(3)-127.0.0.1] o.s.web.servlet.DispatcherServlet        : Initializing Servlet 'dispatcherServlet'
2022-07-11 00:41:57.076  INFO 12308 --- [RMI TCP Connection(3)-127.0.0.1] o.s.web.servlet.DispatcherServlet        : Completed initialization in 7 ms
2022-07-11 00:41:57.114  INFO 12308 --- [main] org.jboss.threads                        : JBoss Threads version 3.1.0.Final
2022-07-11 00:41:57.266  INFO 12308 --- [main] o.s.b.w.e.undertow.UndertowWebServer     : Undertow started on port(s) 8080 (http)
2022-07-11 00:41:57.276  INFO 12308 --- [main] c.b.s.SpringdatajpaApplication           : Started SpringdatajpaApplication in 16.329 seconds (JVM running for 19.123)
2022-07-11 00:45:44.023  WARN 12308 --- [XNIO-1 task-1] .w.s.m.s.DefaultHandlerExceptionResolver : Resolved [org.springframework.web.method.annotation.MethodArgumentTypeMismatchException: Failed to convert value of type 'java.lang.String' to required type 'int'; nested exception is java.lang.NumberFormatException: For input string: "info"]
2022-07-11 00:58:18.225  WARN 12308 --- [XNIO-1 task-1] .w.s.m.s.DefaultHandlerExceptionResolver : Resolved [org.springframework.web.method.annotation.MethodArgumentTypeMismatchException: Failed to convert value of type 'java.lang.String' to required type 'long'; nested exception is java.lang.NumberFormatException: For input string: "info"]
2022-07-11 04:16:26.303  WARN 12308 --- [HikariPool-1 housekeeper] com.zaxxer.hikari.pool.HikariPool        : HikariPool-1 - Thread starvation or clock leap detected (housekeeper delta=2h59m35s297ms973µs600ns).
2022-07-11 07:26:02.027  WARN 12308 --- [HikariPool-1 housekeeper] com.zaxxer.hikari.pool.HikariPool        : HikariPool-1 - Thread starvation or clock leap detected (housekeeper delta=2h59m35s101ms672µs600ns).
2022-07-11 19:49:35.009  WARN 12308 --- [HikariPool-1 housekeeper] com.zaxxer.hikari.pool.HikariPool        : HikariPool-1 - Thread starvation or clock leap detected (housekeeper delta=12h8m43s726ms741µs900ns).
2022-07-11 19:51:56.355  INFO 12308 --- [RMI TCP Connection(77)-127.0.0.1] inMXBeanRegistrar$SpringApplicationAdmin : Application shutdown requested.
2022-07-11 19:51:58.131  INFO 12308 --- [RMI TCP Connection(77)-127.0.0.1] io.undertow                              : stopping server: Undertow - 2.2.18.Final
2022-07-11 19:51:58.819  INFO 12308 --- [RMI TCP Connection(77)-127.0.0.1] io.undertow.servlet                      : Destroying Spring FrameworkServlet 'dispatcherServlet'
2022-07-11 19:51:59.072  INFO 12308 --- [RMI TCP Connection(77)-127.0.0.1] j.LocalContainerEntityManagerFactoryBean : Closing JPA EntityManagerFactory for persistence unit 'default'
2022-07-11 19:51:59.583  INFO 12308 --- [RMI TCP Connection(77)-127.0.0.1] com.zaxxer.hikari.HikariDataSource       : HikariPool-1 - Shutdown initiated...
2022-07-11 19:51:59.782  INFO 12308 --- [RMI TCP Connection(77)-127.0.0.1] com.zaxxer.hikari.HikariDataSource       : HikariPool-1 - Shutdown completed.
2022-07-11 19:58:23.807  INFO 10736 --- [main] c.b.s.SpringdatajpaApplication           : Starting SpringdatajpaApplication using Java 17.0.1 on Bishal with PID 10736 (C:\Users\bishal\Documents\ignitedMinds\springdatajpa\target\classes started by bishal in C:\Users\bishal\Documents\ignitedMinds\springdatajpa)
2022-07-11 19:58:23.829  INFO 10736 --- [main] c.b.s.SpringdatajpaApplication           : No active profile set, falling back to 1 default profile: "default"
2022-07-11 19:58:26.078  INFO 10736 --- [main] .s.d.r.c.RepositoryConfigurationDelegate : Bootstrapping Spring Data JPA repositories in DEFAULT mode.
2022-07-11 19:58:26.180  INFO 10736 --- [main] .s.d.r.c.RepositoryConfigurationDelegate : Finished Spring Data repository scanning in 86 ms. Found 2 JPA repository interfaces.
2022-07-11 19:58:27.594  WARN 10736 --- [main] io.undertow.websockets.jsr               : UT026010: Buffer pool was not set on WebSocketDeploymentInfo, the default pool will be used
2022-07-11 19:58:27.639  INFO 10736 --- [main] io.undertow.servlet                      : Initializing Spring embedded WebApplicationContext
2022-07-11 19:58:27.639  INFO 10736 --- [main] w.s.c.ServletWebServerApplicationContext : Root WebApplicationContext: initialization completed in 3711 ms
2022-07-11 19:58:28.276  INFO 10736 --- [main] com.zaxxer.hikari.HikariDataSource       : HikariPool-1 - Starting...
2022-07-11 19:58:29.010  INFO 10736 --- [main] com.zaxxer.hikari.HikariDataSource       : HikariPool-1 - Start completed.
2022-07-11 19:58:29.155  INFO 10736 --- [main] o.hibernate.jpa.internal.util.LogHelper  : HHH000204: Processing PersistenceUnitInfo [name: default]
2022-07-11 19:58:29.392  INFO 10736 --- [main] org.hibernate.Version                    : HHH000412: Hibernate ORM core version 5.6.9.Final
2022-07-11 19:58:30.178  INFO 10736 --- [main] o.hibernate.annotations.common.Version   : HCANN000001: Hibernate Commons Annotations {5.1.2.Final}
2022-07-11 19:58:30.659  INFO 10736 --- [main] org.hibernate.dialect.Dialect            : HHH000400: Using dialect: org.hibernate.dialect.MySQL8Dialect
2022-07-11 19:58:31.844  INFO 10736 --- [main] o.h.e.t.j.p.i.JtaPlatformInitiator       : HHH000490: Using JtaPlatform implementation: [org.hibernate.engine.transaction.jta.platform.internal.NoJtaPlatform]
2022-07-11 19:58:31.859  INFO 10736 --- [main] j.LocalContainerEntityManagerFactoryBean : Initialized JPA EntityManagerFactory for persistence unit 'default'
2022-07-11 19:58:32.503  WARN 10736 --- [main] JpaBaseConfiguration$JpaWebConfiguration : spring.jpa.open-in-view is enabled by default. Therefore, database queries may be performed during view rendering. Explicitly configure spring.jpa.open-in-view to disable this warning
2022-07-11 19:58:33.371  WARN 10736 --- [main] .s.s.UserDetailsServiceAutoConfiguration : 

Using generated security password: 249e0d95-b209-4732-ada4-d9f2a47371a2

This generated password is for development use only. Your security configuration must be updated before running your application in production.

2022-07-11 19:58:33.704  INFO 10736 --- [main] o.s.b.a.e.web.EndpointLinksResolver      : Exposing 14 endpoint(s) beneath base path '/actuator'
2022-07-11 19:58:33.732  INFO 10736 --- [main] o.s.s.web.DefaultSecurityFilterChain     : Will secure any request with [org.springframework.security.web.session.DisableEncodeUrlFilter@7e35d743, org.springframework.security.web.context.request.async.WebAsyncManagerIntegrationFilter@63b2418e, org.springframework.security.web.context.SecurityContextPersistenceFilter@7f08c343, org.springframework.security.web.header.HeaderWriterFilter@2a15bbf3, org.springframework.web.filter.CorsFilter@70d16858, org.springframework.security.web.csrf.CsrfFilter@408b2ae2, org.springframework.security.web.authentication.logout.LogoutFilter@ab2e887, org.springframework.security.web.authentication.UsernamePasswordAuthenticationFilter@6eb332d1, org.springframework.security.web.authentication.ui.DefaultLoginPageGeneratingFilter@7f3a92fd, org.springframework.security.web.authentication.ui.DefaultLogoutPageGeneratingFilter@789f5552, org.springframework.security.web.authentication.www.BasicAuthenticationFilter@2b06c388, org.springframework.security.web.savedrequest.RequestCacheAwareFilter@6eeeb9da, org.springframework.security.web.servletapi.SecurityContextHolderAwareRequestFilter@17635531, org.springframework.security.web.authentication.AnonymousAuthenticationFilter@28c00acd, org.springframework.security.web.session.SessionManagementFilter@5b4b6f3b, org.springframework.security.web.access.ExceptionTranslationFilter@760d6350, org.springframework.security.web.access.intercept.FilterSecurityInterceptor@3e563293]
2022-07-11 19:58:33.893  INFO 10736 --- [main] io.undertow                              : starting server: Undertow - 2.2.18.Final
2022-07-11 19:58:33.956  INFO 10736 --- [main] org.xnio                                 : XNIO version 3.8.7.Final
2022-07-11 19:58:34.024  INFO 10736 --- [main] org.xnio.nio                             : XNIO NIO Implementation Version 3.8.7.Final
2022-07-11 19:58:34.229  INFO 10736 --- [main] org.jboss.threads                        : JBoss Threads version 3.1.0.Final
2022-07-11 19:58:34.346  INFO 10736 --- [main] o.s.b.w.e.undertow.UndertowWebServer     : Undertow started on port(s) 8080 (http)
2022-07-11 19:58:34.353  INFO 10736 --- [main] c.b.s.SpringdatajpaApplication           : Started SpringdatajpaApplication in 11.549 seconds (JVM running for 13.325)
2022-07-11 19:58:54.563  INFO 10736 --- [XNIO-1 task-1] io.undertow.servlet                      : Initializing Spring DispatcherServlet 'dispatcherServlet'
2022-07-11 19:58:54.563  INFO 10736 --- [XNIO-1 task-1] o.s.web.servlet.DispatcherServlet        : Initializing Servlet 'dispatcherServlet'
2022-07-11 19:58:54.566  INFO 10736 --- [XNIO-1 task-1] o.s.web.servlet.DispatcherServlet        : Completed initialization in 2 ms
2022-07-11 20:00:30.298 ERROR 10736 --- [XNIO-1 task-1] io.undertow.request                      : UT005023: Exception handling request to /actuator/logfile

org.springframework.web.util.NestedServletException: Request processing failed; nested exception is java.nio.file.InvalidPathException: Trailing char < > at index 20: logs\application.log 
	at org.springframework.web.servlet.FrameworkServlet.processRequest(FrameworkServlet.java:1014) ~[spring-webmvc-5.3.21.jar:5.3.21]
	at org.springframework.web.servlet.FrameworkServlet.doGet(FrameworkServlet.java:898) ~[spring-webmvc-5.3.21.jar:5.3.21]
	at javax.servlet.http.HttpServlet.service(HttpServlet.java:497) ~[jakarta.servlet-api-4.0.4.jar:4.0.4]
	at org.springframework.web.servlet.FrameworkServlet.service(FrameworkServlet.java:883) ~[spring-webmvc-5.3.21.jar:5.3.21]
	at javax.servlet.http.HttpServlet.service(HttpServlet.java:584) ~[jakarta.servlet-api-4.0.4.jar:4.0.4]
	at io.undertow.servlet.handlers.ServletHandler.handleRequest(ServletHandler.java:74) ~[undertow-servlet-2.2.18.Final.jar:2.2.18.Final]
	at io.undertow.servlet.handlers.FilterHandler$FilterChainImpl.doFilter(FilterHandler.java:129) ~[undertow-servlet-2.2.18.Final.jar:2.2.18.Final]
	at org.springframework.security.web.FilterChainProxy$VirtualFilterChain.doFilter(FilterChainProxy.java:327) ~[spring-security-web-5.7.2.jar:5.7.2]
	at org.springframework.security.web.access.intercept.FilterSecurityInterceptor.invoke(FilterSecurityInterceptor.java:115) ~[spring-security-web-5.7.2.jar:5.7.2]
	at org.springframework.security.web.access.intercept.FilterSecurityInterceptor.doFilter(FilterSecurityInterceptor.java:81) ~[spring-security-web-5.7.2.jar:5.7.2]
	at org.springframework.security.web.FilterChainProxy$VirtualFilterChain.doFilter(FilterChainProxy.java:336) ~[spring-security-web-5.7.2.jar:5.7.2]
	at org.springframework.security.web.access.ExceptionTranslationFilter.doFilter(ExceptionTranslationFilter.java:122) ~[spring-security-web-5.7.2.jar:5.7.2]
	at org.springframework.security.web.access.ExceptionTranslationFilter.doFilter(ExceptionTranslationFilter.java:116) ~[spring-security-web-5.7.2.jar:5.7.2]
	at org.springframework.security.web.FilterChainProxy$VirtualFilterChain.doFilter(FilterChainProxy.java:336) ~[spring-security-web-5.7.2.jar:5.7.2]
	at org.springframework.security.web.session.SessionManagementFilter.doFilter(SessionManagementFilter.java:126) ~[spring-security-web-5.7.2.jar:5.7.2]
	at org.springframework.security.web.session.SessionManagementFilter.doFilter(SessionManagementFilter.java:81) ~[spring-security-web-5.7.2.jar:5.7.2]
	at org.springframework.security.web.FilterChainProxy$VirtualFilterChain.doFilter(FilterChainProxy.java:336) ~[spring-security-web-5.7.2.jar:5.7.2]
	at org.springframework.security.web.authentication.AnonymousAuthenticationFilter.doFilter(AnonymousAuthenticationFilter.java:109) ~[spring-security-web-5.7.2.jar:5.7.2]
	at org.springframework.security.web.FilterChainProxy$VirtualFilterChain.doFilter(FilterChainProxy.java:336) ~[spring-security-web-5.7.2.jar:5.7.2]
	at org.springframework.security.web.servletapi.SecurityContextHolderAwareRequestFilter.doFilter(SecurityContextHolderAwareRequestFilter.java:149) ~[spring-security-web-5.7.2.jar:5.7.2]
	at org.springframework.security.web.FilterChainProxy$VirtualFilterChain.doFilter(FilterChainProxy.java:336) ~[spring-security-web-5.7.2.jar:5.7.2]
	at org.springframework.security.web.savedrequest.RequestCacheAwareFilter.doFilter(RequestCacheAwareFilter.java:63) ~[spring-security-web-5.7.2.jar:5.7.2]
	at org.springframework.security.web.FilterChainProxy$VirtualFilterChain.doFilter(FilterChainProxy.java:336) ~[spring-security-web-5.7.2.jar:5.7.2]
	at org.springframework.security.web.authentication.www.BasicAuthenticationFilter.doFilterInternal(BasicAuthenticationFilter.java:166) ~[spring-security-web-5.7.2.jar:5.7.2]
	at org.springframework.web.filter.OncePerRequestFilter.doFilter(OncePerRequestFilter.java:117) ~[spring-web-5.3.21.jar:5.3.21]
	at org.springframework.security.web.FilterChainProxy$VirtualFilterChain.doFilter(FilterChainProxy.java:336) ~[spring-security-web-5.7.2.jar:5.7.2]
	at org.springframework.security.web.authentication.ui.DefaultLogoutPageGeneratingFilter.doFilterInternal(DefaultLogoutPageGeneratingFilter.java:58) ~[spring-security-web-5.7.2.jar:5.7.2]
	at org.springframework.web.filter.OncePerRequestFilter.doFilter(OncePerRequestFilter.java:117) ~[spring-web-5.3.21.jar:5.3.21]
	at org.springframework.security.web.FilterChainProxy$VirtualFilterChain.doFilter(FilterChainProxy.java:336) ~[spring-security-web-5.7.2.jar:5.7.2]
	at org.springframework.security.web.authentication.ui.DefaultLoginPageGeneratingFilter.doFilter(DefaultLoginPageGeneratingFilter.java:237) ~[spring-security-web-5.7.2.jar:5.7.2]
	at org.springframework.security.web.authentication.ui.DefaultLoginPageGeneratingFilter.doFilter(DefaultLoginPageGeneratingFilter.java:223) ~[spring-security-web-5.7.2.jar:5.7.2]
	at org.springframework.security.web.FilterChainProxy$VirtualFilterChain.doFilter(FilterChainProxy.java:336) ~[spring-security-web-5.7.2.jar:5.7.2]
	at org.springframework.security.web.authentication.AbstractAuthenticationProcessingFilter.doFilter(AbstractAuthenticationProcessingFilter.java:223) ~[spring-security-web-5.7.2.jar:5.7.2]
	at org.springframework.security.web.authentication.AbstractAuthenticationProcessingFilter.doFilter(AbstractAuthenticationProcessingFilter.java:217) ~[spring-security-web-5.7.2.jar:5.7.2]
	at org.springframework.security.web.FilterChainProxy$VirtualFilterChain.doFilter(FilterChainProxy.java:336) ~[spring-security-web-5.7.2.jar:5.7.2]
	at org.springframework.security.web.authentication.logout.LogoutFilter.doFilter(LogoutFilter.java:103) ~[spring-security-web-5.7.2.jar:5.7.2]
	at org.springframework.security.web.authentication.logout.LogoutFilter.doFilter(LogoutFilter.java:89) ~[spring-security-web-5.7.2.jar:5.7.2]
	at org.springframework.security.web.FilterChainProxy$VirtualFilterChain.doFilter(FilterChainProxy.java:336) ~[spring-security-web-5.7.2.jar:5.7.2]
	at org.springframework.security.web.csrf.CsrfFilter.doFilterInternal(CsrfFilter.java:117) ~[spring-security-web-5.7.2.jar:5.7.2]
	at org.springframework.web.filter.OncePerRequestFilter.doFilter(OncePerRequestFilter.java:117) ~[spring-web-5.3.21.jar:5.3.21]
	at org.springframework.security.web.FilterChainProxy$VirtualFilterChain.doFilter(FilterChainProxy.java:336) ~[spring-security-web-5.7.2.jar:5.7.2]
	at org.springframework.web.filter.CorsFilter.doFilterInternal(CorsFilter.java:91) ~[spring-web-5.3.21.jar:5.3.21]
	at org.springframework.web.filter.OncePerRequestFilter.doFilter(OncePerRequestFilter.java:117) ~[spring-web-5.3.21.jar:5.3.21]
	at org.springframework.security.web.FilterChainProxy$VirtualFilterChain.doFilter(FilterChainProxy.java:336) ~[spring-security-web-5.7.2.jar:5.7.2]
	at org.springframework.security.web.header.HeaderWriterFilter.doHeadersAfter(HeaderWriterFilter.java:90) ~[spring-security-web-5.7.2.jar:5.7.2]
	at org.springframework.security.web.header.HeaderWriterFilter.doFilterInternal(HeaderWriterFilter.java:75) ~[spring-security-web-5.7.2.jar:5.7.2]
	at org.springframework.web.filter.OncePerRequestFilter.doFilter(OncePerRequestFilter.java:117) ~[spring-web-5.3.21.jar:5.3.21]
	at org.springframework.security.web.FilterChainProxy$VirtualFilterChain.doFilter(FilterChainProxy.java:336) ~[spring-security-web-5.7.2.jar:5.7.2]
	at org.springframework.security.web.context.SecurityContextPersistenceFilter.doFilter(SecurityContextPersistenceFilter.java:112) ~[spring-security-web-5.7.2.jar:5.7.2]
	at org.springframework.security.web.context.SecurityContextPersistenceFilter.doFilter(SecurityContextPersistenceFilter.java:82) ~[spring-security-web-5.7.2.jar:5.7.2]
	at org.springframework.security.web.FilterChainProxy$VirtualFilterChain.doFilter(FilterChainProxy.java:336) ~[spring-security-web-5.7.2.jar:5.7.2]
	at org.springframework.security.web.context.request.async.WebAsyncManagerIntegrationFilter.doFilterInternal(WebAsyncManagerIntegrationFilter.java:55) ~[spring-security-web-5.7.2.jar:5.7.2]
	at org.springframework.web.filter.OncePerRequestFilter.doFilter(OncePerRequestFilter.java:117) ~[spring-web-5.3.21.jar:5.3.21]
	at org.springframework.security.web.FilterChainProxy$VirtualFilterChain.doFilter(FilterChainProxy.java:336) ~[spring-security-web-5.7.2.jar:5.7.2]
	at org.springframework.security.web.session.DisableEncodeUrlFilter.doFilterInternal(DisableEncodeUrlFilter.java:42) ~[spring-security-web-5.7.2.jar:5.7.2]
	at org.springframework.web.filter.OncePerRequestFilter.doFilter(OncePerRequestFilter.java:117) ~[spring-web-5.3.21.jar:5.3.21]
	at org.springframework.security.web.FilterChainProxy$VirtualFilterChain.doFilter(FilterChainProxy.java:336) ~[spring-security-web-5.7.2.jar:5.7.2]
	at org.springframework.security.web.FilterChainProxy.doFilterInternal(FilterChainProxy.java:211) ~[spring-security-web-5.7.2.jar:5.7.2]
	at org.springframework.security.web.FilterChainProxy.doFilter(FilterChainProxy.java:183) ~[spring-security-web-5.7.2.jar:5.7.2]
	at org.springframework.web.filter.DelegatingFilterProxy.invokeDelegate(DelegatingFilterProxy.java:354) ~[spring-web-5.3.21.jar:5.3.21]
	at org.springframework.web.filter.DelegatingFilterProxy.doFilter(DelegatingFilterProxy.java:267) ~[spring-web-5.3.21.jar:5.3.21]
	at io.undertow.servlet.core.ManagedFilter.doFilter(ManagedFilter.java:61) ~[undertow-servlet-2.2.18.Final.jar:2.2.18.Final]
	at io.undertow.servlet.handlers.FilterHandler$FilterChainImpl.doFilter(FilterHandler.java:131) ~[undertow-servlet-2.2.18.Final.jar:2.2.18.Final]
	at org.springframework.web.filter.RequestContextFilter.doFilterInternal(RequestContextFilter.java:100) ~[spring-web-5.3.21.jar:5.3.21]
	at org.springframework.web.filter.OncePerRequestFilter.doFilter(OncePerRequestFilter.java:117) ~[spring-web-5.3.21.jar:5.3.21]
	at io.undertow.servlet.core.ManagedFilter.doFilter(ManagedFilter.java:61) ~[undertow-servlet-2.2.18.Final.jar:2.2.18.Final]
	at io.undertow.servlet.handlers.FilterHandler$FilterChainImpl.doFilter(FilterHandler.java:131) ~[undertow-servlet-2.2.18.Final.jar:2.2.18.Final]
	at org.springframework.web.filter.FormContentFilter.doFilterInternal(FormContentFilter.java:93) ~[spring-web-5.3.21.jar:5.3.21]
	at org.springframework.web.filter.OncePerRequestFilter.doFilter(OncePerRequestFilter.java:117) ~[spring-web-5.3.21.jar:5.3.21]
	at io.undertow.servlet.core.ManagedFilter.doFilter(ManagedFilter.java:61) ~[undertow-servlet-2.2.18.Final.jar:2.2.18.Final]
	at io.undertow.servlet.handlers.FilterHandler$FilterChainImpl.doFilter(FilterHandler.java:131) ~[undertow-servlet-2.2.18.Final.jar:2.2.18.Final]
	at org.springframework.boot.actuate.metrics.web.servlet.WebMvcMetricsFilter.doFilterInternal(WebMvcMetricsFilter.java:96) ~[spring-boot-actuator-2.7.1.jar:2.7.1]
	at org.springframework.web.filter.OncePerRequestFilter.doFilter(OncePerRequestFilter.java:117) ~[spring-web-5.3.21.jar:5.3.21]
	at io.undertow.servlet.core.ManagedFilter.doFilter(ManagedFilter.java:61) ~[undertow-servlet-2.2.18.Final.jar:2.2.18.Final]
	at io.undertow.servlet.handlers.FilterHandler$FilterChainImpl.doFilter(FilterHandler.java:131) ~[undertow-servlet-2.2.18.Final.jar:2.2.18.Final]
	at org.springframework.web.filter.CharacterEncodingFilter.doFilterInternal(CharacterEncodingFilter.java:201) ~[spring-web-5.3.21.jar:5.3.21]
	at org.springframework.web.filter.OncePerRequestFilter.doFilter(OncePerRequestFilter.java:117) ~[spring-web-5.3.21.jar:5.3.21]
	at io.undertow.servlet.core.ManagedFilter.doFilter(ManagedFilter.java:61) ~[undertow-servlet-2.2.18.Final.jar:2.2.18.Final]
	at io.undertow.servlet.handlers.FilterHandler$FilterChainImpl.doFilter(FilterHandler.java:131) ~[undertow-servlet-2.2.18.Final.jar:2.2.18.Final]
	at io.undertow.servlet.handlers.FilterHandler.handleRequest(FilterHandler.java:84) ~[undertow-servlet-2.2.18.Final.jar:2.2.18.Final]
	at io.undertow.servlet.handlers.security.ServletSecurityRoleHandler.handleRequest(ServletSecurityRoleHandler.java:62) ~[undertow-servlet-2.2.18.Final.jar:2.2.18.Final]
	at io.undertow.servlet.handlers.ServletChain$1.handleRequest(ServletChain.java:68) ~[undertow-servlet-2.2.18.Final.jar:2.2.18.Final]
	at io.undertow.servlet.handlers.ServletDispatchingHandler.handleRequest(ServletDispatchingHandler.java:36) ~[undertow-servlet-2.2.18.Final.jar:2.2.18.Final]
	at io.undertow.servlet.handlers.RedirectDirHandler.handleRequest(RedirectDirHandler.java:68) ~[undertow-servlet-2.2.18.Final.jar:2.2.18.Final]
	at io.undertow.servlet.handlers.security.SSLInformationAssociationHandler.handleRequest(SSLInformationAssociationHandler.java:117) ~[undertow-servlet-2.2.18.Final.jar:2.2.18.Final]
	at io.undertow.servlet.handlers.security.ServletAuthenticationCallHandler.handleRequest(ServletAuthenticationCallHandler.java:57) ~[undertow-servlet-2.2.18.Final.jar:2.2.18.Final]
	at io.undertow.server.handlers.PredicateHandler.handleRequest(PredicateHandler.java:43) ~[undertow-core-2.2.18.Final.jar:2.2.18.Final]
	at io.undertow.security.handlers.AbstractConfidentialityHandler.handleRequest(AbstractConfidentialityHandler.java:46) ~[undertow-core-2.2.18.Final.jar:2.2.18.Final]
	at io.undertow.servlet.handlers.security.ServletConfidentialityConstraintHandler.handleRequest(ServletConfidentialityConstraintHandler.java:64) ~[undertow-servlet-2.2.18.Final.jar:2.2.18.Final]
	at io.undertow.security.handlers.AuthenticationMechanismsHandler.handleRequest(AuthenticationMechanismsHandler.java:60) ~[undertow-core-2.2.18.Final.jar:2.2.18.Final]
	at io.undertow.servlet.handlers.security.CachedAuthenticatedSessionHandler.handleRequest(CachedAuthenticatedSessionHandler.java:77) ~[undertow-servlet-2.2.18.Final.jar:2.2.18.Final]
	at io.undertow.security.handlers.AbstractSecurityContextAssociationHandler.handleRequest(AbstractSecurityContextAssociationHandler.java:43) ~[undertow-core-2.2.18.Final.jar:2.2.18.Final]
	at io.undertow.server.handlers.PredicateHandler.handleRequest(PredicateHandler.java:43) ~[undertow-core-2.2.18.Final.jar:2.2.18.Final]
	at io.undertow.servlet.handlers.SendErrorPageHandler.handleRequest(SendErrorPageHandler.java:52) ~[undertow-servlet-2.2.18.Final.jar:2.2.18.Final]
	at io.undertow.server.handlers.PredicateHandler.handleRequest(PredicateHandler.java:43) ~[undertow-core-2.2.18.Final.jar:2.2.18.Final]
	at io.undertow.servlet.handlers.ServletInitialHandler.handleFirstRequest(ServletInitialHandler.java:275) ~[undertow-servlet-2.2.18.Final.jar:2.2.18.Final]
	at io.undertow.servlet.handlers.ServletInitialHandler.access$100(ServletInitialHandler.java:79) ~[undertow-servlet-2.2.18.Final.jar:2.2.18.Final]
	at io.undertow.servlet.handlers.ServletInitialHandler$2.call(ServletInitialHandler.java:134) ~[undertow-servlet-2.2.18.Final.jar:2.2.18.Final]
	at io.undertow.servlet.handlers.ServletInitialHandler$2.call(ServletInitialHandler.java:131) ~[undertow-servlet-2.2.18.Final.jar:2.2.18.Final]
	at io.undertow.servlet.core.ServletRequestContextThreadSetupAction$1.call(ServletRequestContextThreadSetupAction.java:48) ~[undertow-servlet-2.2.18.Final.jar:2.2.18.Final]
	at io.undertow.servlet.core.ContextClassLoaderSetupAction$1.call(ContextClassLoaderSetupAction.java:43) ~[undertow-servlet-2.2.18.Final.jar:2.2.18.Final]
	at io.undertow.servlet.handlers.ServletInitialHandler.dispatchRequest(ServletInitialHandler.java:255) ~[undertow-servlet-2.2.18.Final.jar:2.2.18.Final]
	at io.undertow.servlet.handlers.ServletInitialHandler.access$000(ServletInitialHandler.java:79) ~[undertow-servlet-2.2.18.Final.jar:2.2.18.Final]
	at io.undertow.servlet.handlers.ServletInitialHandler$1.handleRequest(ServletInitialHandler.java:100) ~[undertow-servlet-2.2.18.Final.jar:2.2.18.Final]
	at io.undertow.server.Connectors.executeRootHandler(Connectors.java:387) ~[undertow-core-2.2.18.Final.jar:2.2.18.Final]
	at io.undertow.server.HttpServerExchange$1.run(HttpServerExchange.java:852) ~[undertow-core-2.2.18.Final.jar:2.2.18.Final]
	at org.jboss.threads.ContextClassLoaderSavingRunnable.run(ContextClassLoaderSavingRunnable.java:35) ~[jboss-threads-3.1.0.Final.jar:3.1.0.Final]
	at org.jboss.threads.EnhancedQueueExecutor.safeRun(EnhancedQueueExecutor.java:2019) ~[jboss-threads-3.1.0.Final.jar:3.1.0.Final]
	at org.jboss.threads.EnhancedQueueExecutor$ThreadBody.doRunTask(EnhancedQueueExecutor.java:1558) ~[jboss-threads-3.1.0.Final.jar:3.1.0.Final]
	at org.jboss.threads.EnhancedQueueExecutor$ThreadBody.run(EnhancedQueueExecutor.java:1449) ~[jboss-threads-3.1.0.Final.jar:3.1.0.Final]
	at org.xnio.XnioWorker$WorkerThreadFactory$1$1.run(XnioWorker.java:1282) ~[xnio-api-3.8.7.Final.jar:3.8.7.Final]
	at java.base/java.lang.Thread.run(Thread.java:833) ~[na:na]
Caused by: java.nio.file.InvalidPathException: Trailing char < > at index 20: logs\application.log 
	at java.base/sun.nio.fs.WindowsPathParser.normalize(WindowsPathParser.java:191) ~[na:na]
	at java.base/sun.nio.fs.WindowsPathParser.parse(WindowsPathParser.java:153) ~[na:na]
	at java.base/sun.nio.fs.WindowsPathParser.parse(WindowsPathParser.java:77) ~[na:na]
	at java.base/sun.nio.fs.WindowsPath.parse(WindowsPath.java:92) ~[na:na]
	at java.base/sun.nio.fs.WindowsFileSystem.getPath(WindowsFileSystem.java:232) ~[na:na]
	at java.base/java.io.File.toPath(File.java:2387) ~[na:na]
	at org.springframework.core.io.FileSystemResource.<init>(FileSystemResource.java:83) ~[spring-core-5.3.21.jar:5.3.21]
	at org.springframework.boot.actuate.logging.LogFileWebEndpoint.getLogFileResource(LogFileWebEndpoint.java:70) ~[spring-boot-actuator-2.7.1.jar:2.7.1]
	at org.springframework.boot.actuate.logging.LogFileWebEndpoint.logFile(LogFileWebEndpoint.java:55) ~[spring-boot-actuator-2.7.1.jar:2.7.1]
	at java.base/jdk.internal.reflect.NativeMethodAccessorImpl.invoke0(Native Method) ~[na:na]
	at java.base/jdk.internal.reflect.NativeMethodAccessorImpl.invoke(NativeMethodAccessorImpl.java:77) ~[na:na]
	at java.base/jdk.internal.reflect.DelegatingMethodAccessorImpl.invoke(DelegatingMethodAccessorImpl.java:43) ~[na:na]
	at java.base/java.lang.reflect.Method.invoke(Method.java:568) ~[na:na]
	at org.springframework.util.ReflectionUtils.invokeMethod(ReflectionUtils.java:282) ~[spring-core-5.3.21.jar:5.3.21]
	at org.springframework.boot.actuate.endpoint.invoke.reflect.ReflectiveOperationInvoker.invoke(ReflectiveOperationInvoker.java:74) ~[spring-boot-actuator-2.7.1.jar:2.7.1]
	at org.springframework.boot.actuate.endpoint.annotation.AbstractDiscoveredOperation.invoke(AbstractDiscoveredOperation.java:60) ~[spring-boot-actuator-2.7.1.jar:2.7.1]
	at org.springframework.boot.actuate.endpoint.web.servlet.AbstractWebMvcEndpointHandlerMapping$ServletWebOperationAdapter.handle(AbstractWebMvcEndpointHandlerMapping.java:353) ~[spring-boot-actuator-2.7.1.jar:2.7.1]
	at org.springframework.boot.actuate.endpoint.web.servlet.AbstractWebMvcEndpointHandlerMapping$OperationHandler.handle(AbstractWebMvcEndpointHandlerMapping.java:458) ~[spring-boot-actuator-2.7.1.jar:2.7.1]
	at java.base/jdk.internal.reflect.NativeMethodAccessorImpl.invoke0(Native Method) ~[na:na]
	at java.base/jdk.internal.reflect.NativeMethodAccessorImpl.invoke(NativeMethodAccessorImpl.java:77) ~[na:na]
	at java.base/jdk.internal.reflect.DelegatingMethodAccessorImpl.invoke(DelegatingMethodAccessorImpl.java:43) ~[na:na]
	at java.base/java.lang.reflect.Method.invoke(Method.java:568) ~[na:na]
	at org.springframework.web.method.support.InvocableHandlerMethod.doInvoke(InvocableHandlerMethod.java:205) ~[spring-web-5.3.21.jar:5.3.21]
	at org.springframework.web.method.support.InvocableHandlerMethod.invokeForRequest(InvocableHandlerMethod.java:150) ~[spring-web-5.3.21.jar:5.3.21]
	at org.springframework.web.servlet.mvc.method.annotation.ServletInvocableHandlerMethod.invokeAndHandle(ServletInvocableHandlerMethod.java:117) ~[spring-webmvc-5.3.21.jar:5.3.21]
	at org.springframework.web.servlet.mvc.method.annotation.RequestMappingHandlerAdapter.invokeHandlerMethod(RequestMappingHandlerAdapter.java:895) ~[spring-webmvc-5.3.21.jar:5.3.21]
	at org.springframework.web.servlet.mvc.method.annotation.RequestMappingHandlerAdapter.handleInternal(RequestMappingHandlerAdapter.java:808) ~[spring-webmvc-5.3.21.jar:5.3.21]
	at org.springframework.web.servlet.mvc.method.AbstractHandlerMethodAdapter.handle(AbstractHandlerMethodAdapter.java:87) ~[spring-webmvc-5.3.21.jar:5.3.21]
	at org.springframework.web.servlet.DispatcherServlet.doDispatch(DispatcherServlet.java:1067) ~[spring-webmvc-5.3.21.jar:5.3.21]
	at org.springframework.web.servlet.DispatcherServlet.doService(DispatcherServlet.java:963) ~[spring-webmvc-5.3.21.jar:5.3.21]
	at org.springframework.web.servlet.FrameworkServlet.processRequest(FrameworkServlet.java:1006) ~[spring-webmvc-5.3.21.jar:5.3.21]
	... 111 common frames omitted

2022-07-11 20:05:07.932  INFO 10736 --- [RMI TCP Connection(11)-127.0.0.1] inMXBeanRegistrar$SpringApplicationAdmin : Application shutdown requested.
2022-07-11 20:05:07.949  INFO 10736 --- [RMI TCP Connection(11)-127.0.0.1] io.undertow                              : stopping server: Undertow - 2.2.18.Final
2022-07-11 20:05:07.953  INFO 10736 --- [RMI TCP Connection(11)-127.0.0.1] io.undertow.servlet                      : Destroying Spring FrameworkServlet 'dispatcherServlet'
2022-07-11 20:05:07.966  INFO 10736 --- [RMI TCP Connection(11)-127.0.0.1] j.LocalContainerEntityManagerFactoryBean : Closing JPA EntityManagerFactory for persistence unit 'default'
2022-07-11 20:05:07.970  INFO 10736 --- [RMI TCP Connection(11)-127.0.0.1] com.zaxxer.hikari.HikariDataSource       : HikariPool-1 - Shutdown initiated...
2022-07-11 20:05:08.024  INFO 10736 --- [RMI TCP Connection(11)-127.0.0.1] com.zaxxer.hikari.HikariDataSource       : HikariPool-1 - Shutdown completed.
